<?xml version="1.0" encoding="UTF-8"?>
<testsuite name="org.wahlzeit.model.persistence.DatastoreAdapterTest" tests="4" skipped="0" failures="0" errors="0" timestamp="2019-11-09T15:06:32" hostname="DESKTOP-8AA1N5N" time="0.052">
  <properties/>
  <testcase name="testUpperSizeLimit" classname="org.wahlzeit.model.persistence.DatastoreAdapterTest" time="0.008"/>
  <testcase name="testWriteImage" classname="org.wahlzeit.model.persistence.DatastoreAdapterTest" time="0.012"/>
  <testcase name="testReadImage" classname="org.wahlzeit.model.persistence.DatastoreAdapterTest" time="0.022"/>
  <testcase name="testImageExistence" classname="org.wahlzeit.model.persistence.DatastoreAdapterTest" time="0.009"/>
  <system-out><![CDATA[]]></system-out>
  <system-err><![CDATA[Nov. 09, 2019 3:06:32 NACHM. org.wahlzeit.model.persistence.DatastoreAdapter doReadImage
INFO: level=sl, session=no session, client=anon, does not exist!
Nov. 09, 2019 3:06:32 NACHM. org.wahlzeit.model.persistence.DatastoreAdapter doReadImage
INFO: level=sl, session=no session, client=anon, does not exist!
Nov. 09, 2019 3:06:32 NACHM. org.wahlzeit.model.persistence.DatastoreAdapter doReadImage
INFO: level=sl, session=no session, client=anon, does not exist!
Nov. 09, 2019 3:06:32 NACHM. org.wahlzeit.model.persistence.DatastoreAdapter doReadImage
INFO: level=sl, session=no session, client=anon, does not exist!
Nov. 09, 2019 3:06:32 NACHM. org.wahlzeit.model.persistence.DatastoreAdapter doReadImage
INFO: level=sl, session=no session, client=anon, does not exist!
]]></system-err>
</testsuite>
