<?xml version="1.0" encoding="UTF-8"?>
<testsuite name="org.wahlzeit.services.EmailAddressTest" tests="3" skipped="0" failures="0" errors="0" timestamp="2019-11-09T13:49:00" hostname="DESKTOP-8AA1N5N" time="0.001">
  <properties/>
  <testcase name="testEmptyEmailAddress" classname="org.wahlzeit.services.EmailAddressTest" time="0.0"/>
  <testcase name="testEmailAddressValidity" classname="org.wahlzeit.services.EmailAddressTest" time="0.001"/>
  <testcase name="testGetEmailAddressFromString" classname="org.wahlzeit.services.EmailAddressTest" time="0.0"/>
  <system-out><![CDATA[]]></system-out>
  <system-err><![CDATA[]]></system-err>
</testsuite>
