<?xml version="1.0" encoding="UTF-8"?>
<testsuite name="AllTests" tests="0" skipped="0" failures="0" errors="0" timestamp="1970-01-01T00:00:00" hostname="DESKTOP-8AA1N5N" time="0.0">
  <properties/>
  <system-out><![CDATA[]]></system-out>
  <system-err><![CDATA[Okt. 28, 2019 5:02:27 NACHM. com.google.appengine.api.datastore.dev.LocalDatastoreService init
INFO: Local Datastore initialized: 
	Type: High Replication
	Storage: In-memory
Okt. 28, 2019 5:02:27 NACHM. com.google.appengine.api.datastore.dev.LocalDatastoreService init
INFO: Local Datastore initialized: 
	Type: High Replication
	Storage: In-memory
Okt. 28, 2019 5:02:27 NACHM. com.google.appengine.api.datastore.dev.LocalDatastoreService init
INFO: Local Datastore initialized: 
	Type: High Replication
	Storage: In-memory
Okt. 28, 2019 5:02:27 NACHM. org.wahlzeit.services.ObjectManager writeObject
INFO: level=sl, session=no session, client=anon, Datastore: Write object of type=org.wahlzeit.model.Guest@3ee13513
]]></system-err>
</testsuite>
