<?xml version="1.0" encoding="UTF-8"?>
<testsuite name="org.wahlzeit.model.GuestTest" tests="1" skipped="0" failures="0" errors="0" timestamp="2019-10-28T17:02:27" hostname="DESKTOP-8AA1N5N" time="0.019">
  <properties/>
  <testcase name="testNameGeneration" classname="org.wahlzeit.model.GuestTest" time="0.019"/>
  <system-out><![CDATA[]]></system-out>
  <system-err><![CDATA[Okt. 28, 2019 5:02:27 NACHM. org.wahlzeit.services.ObjectManager writeObject
INFO: level=sl, session=no session, client=anon, Datastore: Write object of type=org.wahlzeit.model.Guest@194a3ca6
Okt. 28, 2019 5:02:27 NACHM. org.wahlzeit.services.ObjectManager writeObject
INFO: level=sl, session=no session, client=anon, Datastore: Write object of type=org.wahlzeit.model.Guest@743b5d97
Okt. 28, 2019 5:02:27 NACHM. org.wahlzeit.services.ObjectManager writeObject
INFO: level=sl, session=no session, client=anon, Datastore: Write object of type=org.wahlzeit.model.User@5a59a519
Okt. 28, 2019 5:02:27 NACHM. org.wahlzeit.services.ObjectManager writeObject
INFO: level=sl, session=no session, client=anon, Datastore: Write object of type=org.wahlzeit.model.Guest@28e1df5b
]]></system-err>
</testsuite>
