<?xml version="1.0" encoding="UTF-8"?>
<testsuite name="org.wahlzeit.services.mailing.EmailServiceTest" tests="3" skipped="0" failures="0" errors="0" timestamp="2019-11-09T15:06:32" hostname="DESKTOP-8AA1N5N" time="0.016">
  <properties/>
  <testcase name="testSendInvalidEmail" classname="org.wahlzeit.services.mailing.EmailServiceTest" time="0.0"/>
  <testcase name="checkDefaultServiceManager" classname="org.wahlzeit.services.mailing.EmailServiceTest" time="0.015"/>
  <testcase name="testSendValidEmail" classname="org.wahlzeit.services.mailing.EmailServiceTest" time="0.001"/>
  <system-out><![CDATA[]]></system-out>
  <system-err><![CDATA[]]></system-err>
</testsuite>
