<?xml version="1.0" encoding="UTF-8"?>
<testsuite name="org.wahlzeit.services.mailing.EmailServiceTest" tests="3" skipped="0" failures="0" errors="0" timestamp="2019-10-28T17:02:27" hostname="DESKTOP-8AA1N5N" time="0.007">
  <properties/>
  <testcase name="testSendInvalidEmail" classname="org.wahlzeit.services.mailing.EmailServiceTest" time="0.0"/>
  <testcase name="checkDefaultServiceManager" classname="org.wahlzeit.services.mailing.EmailServiceTest" time="0.007"/>
  <testcase name="testSendValidEmail" classname="org.wahlzeit.services.mailing.EmailServiceTest" time="0.0"/>
  <system-out><![CDATA[]]></system-out>
  <system-err><![CDATA[]]></system-err>
</testsuite>
