<?xml version="1.0" encoding="UTF-8"?>
<testsuite name="org.wahlzeit.model.UserStatusTest" tests="7" skipped="0" failures="0" errors="0" timestamp="2019-11-09T13:49:00" hostname="DESKTOP-8AA1N5N" time="0.004">
  <properties/>
  <testcase name="testIsDisabled" classname="org.wahlzeit.model.UserStatusTest" time="0.0"/>
  <testcase name="testGetFromString" classname="org.wahlzeit.model.UserStatusTest" time="0.0"/>
  <testcase name="testIsConfirmed" classname="org.wahlzeit.model.UserStatusTest" time="0.0"/>
  <testcase name="testGetFromInt" classname="org.wahlzeit.model.UserStatusTest" time="0.0"/>
  <testcase name="testAsEnabled" classname="org.wahlzeit.model.UserStatusTest" time="0.0"/>
  <testcase name="testAsDisabled" classname="org.wahlzeit.model.UserStatusTest" time="0.002"/>
  <testcase name="testAsConfirmed" classname="org.wahlzeit.model.UserStatusTest" time="0.001"/>
  <system-out><![CDATA[]]></system-out>
  <system-err><![CDATA[]]></system-err>
</testsuite>
