<?xml version="1.0" encoding="UTF-8"?>
<testsuite name="org.wahlzeit.utils.StringUtilTest" tests="1" skipped="0" failures="0" errors="0" timestamp="2019-10-28T17:02:27" hostname="DESKTOP-8AA1N5N" time="0.001">
  <properties/>
  <testcase name="testPathAsUrlString" classname="org.wahlzeit.utils.StringUtilTest" time="0.001"/>
  <system-out><![CDATA[]]></system-out>
  <system-err><![CDATA[]]></system-err>
</testsuite>
