<?xml version="1.0" encoding="UTF-8"?>
<testsuite name="org.wahlzeit.model.ValueTest" tests="7" skipped="0" failures="0" errors="0" timestamp="2019-11-09T15:06:32" hostname="DESKTOP-8AA1N5N" time="0.002">
  <properties/>
  <testcase name="testIsEqualFalse" classname="org.wahlzeit.model.ValueTest" time="0.001"/>
  <testcase name="testDistanceNotZero" classname="org.wahlzeit.model.ValueTest" time="0.0"/>
  <testcase name="testDistanceZero" classname="org.wahlzeit.model.ValueTest" time="0.0"/>
  <testcase name="testPhotoStatus" classname="org.wahlzeit.model.ValueTest" time="0.0"/>
  <testcase name="testObjectId" classname="org.wahlzeit.model.ValueTest" time="0.0"/>
  <testcase name="testUserStatus" classname="org.wahlzeit.model.ValueTest" time="0.001"/>
  <testcase name="testIsEqualTrue" classname="org.wahlzeit.model.ValueTest" time="0.0"/>
  <system-out><![CDATA[]]></system-out>
  <system-err><![CDATA[]]></system-err>
</testsuite>
