<?xml version="1.0" encoding="UTF-8"?>
<testsuite name="org.wahlzeit.services.LogBuilderTest" tests="8" skipped="0" failures="0" errors="0" timestamp="2019-10-28T17:02:27" hostname="DESKTOP-8AA1N5N" time="0.005">
  <properties/>
  <testcase name="testAddMessage" classname="org.wahlzeit.services.LogBuilderTest" time="0.0"/>
  <testcase name="testAddParameterObject" classname="org.wahlzeit.services.LogBuilderTest" time="0.001"/>
  <testcase name="testAddException" classname="org.wahlzeit.services.LogBuilderTest" time="0.002"/>
  <testcase name="testAddParameterString" classname="org.wahlzeit.services.LogBuilderTest" time="0.001"/>
  <testcase name="testCreateSystemMessage" classname="org.wahlzeit.services.LogBuilderTest" time="0.0"/>
  <testcase name="testAddPerformedAction" classname="org.wahlzeit.services.LogBuilderTest" time="0.0"/>
  <testcase name="testCreateUserMessage" classname="org.wahlzeit.services.LogBuilderTest" time="0.0"/>
  <testcase name="testAddParameterInt" classname="org.wahlzeit.services.LogBuilderTest" time="0.0"/>
  <system-out><![CDATA[]]></system-out>
  <system-err><![CDATA[]]></system-err>
</testsuite>
