<?xml version="1.0" encoding="UTF-8"?>
<testsuite name="org.wahlzeit.utils.StringUtilTest" tests="1" skipped="0" failures="0" errors="0" timestamp="2019-11-09T13:49:00" hostname="DESKTOP-8AA1N5N" time="0.0">
  <properties/>
  <testcase name="testPathAsUrlString" classname="org.wahlzeit.utils.StringUtilTest" time="0.0"/>
  <system-out><![CDATA[]]></system-out>
  <system-err><![CDATA[]]></system-err>
</testsuite>
