<?xml version="1.0" encoding="UTF-8"?>
<testsuite name="org.wahlzeit.model.PhotoFilterTest" tests="3" skipped="0" failures="0" errors="0" timestamp="2019-10-28T17:02:27" hostname="DESKTOP-8AA1N5N" time="0.002">
  <properties/>
  <testcase name="testClear" classname="org.wahlzeit.model.PhotoFilterTest" time="0.001"/>
  <testcase name="testStaticProperties" classname="org.wahlzeit.model.PhotoFilterTest" time="0.0"/>
  <testcase name="testConstructor" classname="org.wahlzeit.model.PhotoFilterTest" time="0.001"/>
  <system-out><![CDATA[]]></system-out>
  <system-err><![CDATA[]]></system-err>
</testsuite>
